<?xml version="1.0" encoding="UTF-8"?>
<testng-results ignored="0" total="5" passed="5" failed="0" skipped="0">
  <reporter-output>
  </reporter-output>
  <suite started-at="2021-06-21T12:57:58 UYT" name="Default suite" finished-at="2021-06-21T13:01:30 UYT" duration-ms="211813">
    <groups>
      <group name="cucumber">
        <method signature="AbstractTestNGCucumberTests.runScenario(io.cucumber.testng.PickleWrapper,io.cucumber.testng.FeatureWrapper)[pri:0, instance:cucumberOptions.TestRunner@29215f06]" name="runScenario" class="io.cucumber.testng.AbstractTestNGCucumberTests"/>
      </group> <!-- cucumber -->
    </groups>
    <test started-at="2021-06-21T12:57:58 UYT" name="Default test" finished-at="2021-06-21T13:01:30 UYT" duration-ms="211813">
      <class name="cucumberOptions.TestRunner">
        <test-method is-config="true" signature="setUpClass()[pri:0, instance:cucumberOptions.TestRunner@29215f06]" started-at="2021-06-21T12:57:58 UYT" name="setUpClass" finished-at="2021-06-21T12:57:58 UYT" duration-ms="354" status="PASS">
          <reporter-output>
          </reporter-output>
        </test-method> <!-- setUpClass -->
        <test-method signature="runScenario(io.cucumber.testng.PickleWrapper,io.cucumber.testng.FeatureWrapper)[pri:0, instance:cucumberOptions.TestRunner@29215f06]" started-at="2021-06-21T12:57:58 UYT" name="runScenario" description="Runs Cucumber Scenarios" data-provider="scenarios" finished-at="2021-06-21T12:58:47 UYT" duration-ms="49209" status="PASS">
          <params>
            <param index="0">
              <value>
                <![CDATA["Navigates windows"]]>
              </value>
            </param>
            <param index="1">
              <value>
                <![CDATA["Optional[Salesforce exercise]"]]>
              </value>
            </param>
          </params>
          <reporter-output>
          </reporter-output>
        </test-method> <!-- runScenario -->
        <test-method signature="runScenario(io.cucumber.testng.PickleWrapper,io.cucumber.testng.FeatureWrapper)[pri:0, instance:cucumberOptions.TestRunner@29215f06]" started-at="2021-06-21T12:58:47 UYT" name="runScenario" description="Runs Cucumber Scenarios" data-provider="scenarios" finished-at="2021-06-21T12:59:23 UYT" duration-ms="35936" status="PASS">
          <params>
            <param index="0">
              <value>
                <![CDATA["Creating accounts in service page"]]>
              </value>
            </param>
            <param index="1">
              <value>
                <![CDATA["Optional[Salesforce exercise]"]]>
              </value>
            </param>
          </params>
          <reporter-output>
          </reporter-output>
        </test-method> <!-- runScenario -->
        <test-method signature="runScenario(io.cucumber.testng.PickleWrapper,io.cucumber.testng.FeatureWrapper)[pri:0, instance:cucumberOptions.TestRunner@29215f06]" started-at="2021-06-21T12:59:23 UYT" name="runScenario" description="Runs Cucumber Scenarios" data-provider="scenarios" finished-at="2021-06-21T13:00:09 UYT" duration-ms="45971" status="PASS">
          <params>
            <param index="0">
              <value>
                <![CDATA["Creating accounts in service page"]]>
              </value>
            </param>
            <param index="1">
              <value>
                <![CDATA["Optional[Salesforce exercise]"]]>
              </value>
            </param>
          </params>
          <reporter-output>
          </reporter-output>
        </test-method> <!-- runScenario -->
        <test-method signature="runScenario(io.cucumber.testng.PickleWrapper,io.cucumber.testng.FeatureWrapper)[pri:0, instance:cucumberOptions.TestRunner@29215f06]" started-at="2021-06-21T13:00:09 UYT" name="runScenario" description="Runs Cucumber Scenarios" data-provider="scenarios" finished-at="2021-06-21T13:00:44 UYT" duration-ms="34846" status="PASS">
          <params>
            <param index="0">
              <value>
                <![CDATA["Creating empty account"]]>
              </value>
            </param>
            <param index="1">
              <value>
                <![CDATA["Optional[Salesforce exercise]"]]>
              </value>
            </param>
          </params>
          <reporter-output>
          </reporter-output>
        </test-method> <!-- runScenario -->
        <test-method signature="runScenario(io.cucumber.testng.PickleWrapper,io.cucumber.testng.FeatureWrapper)[pri:0, instance:cucumberOptions.TestRunner@29215f06]" started-at="2021-06-21T13:00:44 UYT" name="runScenario" description="Runs Cucumber Scenarios" data-provider="scenarios" finished-at="2021-06-21T13:01:30 UYT" duration-ms="45423" status="PASS">
          <params>
            <param index="0">
              <value>
                <![CDATA["Creating and modifying contacts for new accounts"]]>
              </value>
            </param>
            <param index="1">
              <value>
                <![CDATA["Optional[Salesforce exercise]"]]>
              </value>
            </param>
          </params>
          <reporter-output>
          </reporter-output>
        </test-method> <!-- runScenario -->
        <test-method is-config="true" signature="tearDownClass()[pri:0, instance:cucumberOptions.TestRunner@29215f06]" started-at="2021-06-21T13:01:30 UYT" name="tearDownClass" finished-at="2021-06-21T13:01:30 UYT" duration-ms="19" status="PASS">
          <reporter-output>
          </reporter-output>
        </test-method> <!-- tearDownClass -->
      </class> <!-- cucumberOptions.TestRunner -->
    </test> <!-- Default test -->
  </suite> <!-- Default suite -->
</testng-results>
